#
# There is insufficient memory for the Java Runtime Environment to continue.
# Native memory allocation (mmap) failed to map 234881024 bytes for G1 virtual space
# Possible reasons:
#   The system is out of physical RAM or swap space
#   The process is running with CompressedOops enabled, and the Java Heap may be blocking the growth of the native heap
# Possible solutions:
#   Reduce memory load on the system
#   Increase physical memory or swap space
#   Check if swap backing store is full
#   Decrease Java heap size (-Xmx/-Xms)
#   Decrease number of Java threads
#   Decrease Java thread stack sizes (-Xss)
#   Set larger code cache with -XX:ReservedCodeCacheSize=
#   JVM is running with Zero Based Compressed Oops mode in which the Java heap is
#     placed in the first 32GB address space. The Java Heap base address is the
#     maximum limit for the native heap growth. Please use -XX:HeapBaseMinAddress
#     to set the Java Heap base and to place the Java Heap above 32GB virtual address.
# This output file may be truncated or incomplete.
#
#  Out of Memory Error (os_windows.cpp:3600), pid=17356, tid=3596
#
# JRE version:  (21.0.4+8) (build )
# Java VM: Java HotSpot(TM) 64-Bit Server VM (21.0.4+8-LTS-274, mixed mode, sharing, tiered, compressed oops, compressed class ptrs, g1 gc, windows-amd64)
# No core dump will be written. Minidumps are not enabled by default on client versions of Windows
#

---------------  S U M M A R Y ------------

Command Line: -Dnet.bytebuddy.agent.attacher.dump= net.bytebuddy.agent.Attacher com.sun.tools.attach.VirtualMachine 14252 C:\Users\User\.m2\repository\net\bytebuddy\byte-buddy-agent\1.15.11\byte-buddy-agent-1.15.11.jar false 

Host: AMD Ryzen 5 3400G with Radeon Vega Graphics    , 8 cores, 13G,  Windows 10 , 64 bit Build 19041 (10.0.19041.5438)
Time: Wed Apr  9 14:19:32 2025 Hora est. Pacífico, Sudamérica elapsed time: 0.012349 seconds (0d 0h 0m 0s)

---------------  T H R E A D  ---------------

Current thread (0x000002552c18dff0):  JavaThread "Unknown thread" [_thread_in_vm, id=3596, stack(0x0000008292100000,0x0000008292200000) (1024K)]

Stack: [0x0000008292100000,0x0000008292200000]
Native frames: (J=compiled Java code, j=interpreted, Vv=VM code, C=native code)
V  [jvm.dll+0x6c8e59]
V  [jvm.dll+0x853181]
V  [jvm.dll+0x8556ae]
V  [jvm.dll+0x855d83]
V  [jvm.dll+0x27d526]
V  [jvm.dll+0x6c55f5]
V  [jvm.dll+0x6ba17a]
V  [jvm.dll+0x352a8a]
V  [jvm.dll+0x35a6e6]
V  [jvm.dll+0x3acdae]
V  [jvm.dll+0x3ad058]
V  [jvm.dll+0x326dec]
V  [jvm.dll+0x32794b]
V  [jvm.dll+0x81c569]
V  [jvm.dll+0x3b9a11]
V  [jvm.dll+0x805948]
V  [jvm.dll+0x44ec5e]
V  [jvm.dll+0x450851]
C  [jli.dll+0x52a3]
C  [ucrtbase.dll+0x21bb2]
C  [KERNEL32.DLL+0x17374]
C  [ntdll.dll+0x4cc91]


---------------  P R O C E S S  ---------------

Threads class SMR info:
_java_thread_list=0x00007fff38136c08, length=0, elements={
}

Java Threads: ( => current thread )
Total: 0

Other Threads:
  0x000002552e3d7190 WorkerThread "GC Thread#0"                     [id=14428, stack(0x0000008292200000,0x0000008292300000) (1024K)]
  0x000002552e3e6a30 ConcurrentGCThread "G1 Main Marker"            [id=2940, stack(0x0000008292300000,0x0000008292400000) (1024K)]
  0x000002552e3e8ce0 WorkerThread "G1 Conc#0"                       [id=11460, stack(0x0000008292400000,0x0000008292500000) (1024K)]

[error occurred during error reporting (printing all threads), id 0xc0000005, EXCEPTION_ACCESS_VIOLATION (0xc0000005) at pc=0x00007fff378a9577]
VM state: not at safepoint (not fully initialized)

VM Mutex/Monitor currently owned by a thread:  ([mutex/lock_event])
[0x00007fff381a7f98] Heap_lock - owner thread: 0x000002552c18dff0

Heap address: 0x0000000721000000, size: 3568 MB, Compressed Oops mode: Zero based, Oop shift amount: 3

CDS archive(s) mapped at: [0x0000000000000000-0x0000000000000000-0x0000000000000000), size 0, SharedBaseAddress: 0x0000000800000000, ArchiveRelocationMode: 1.
Narrow klass base: 0x0000000000000000, Narrow klass shift: 0, Narrow klass range: 0x0

GC Precious Log:
 CardTable entry size: 512
 Card Set container configuration: InlinePtr #cards 4 size 8 Array Of Cards #cards 16 size 48 Howl #buckets 8 coarsen threshold 3686 Howl Bitmap #cards 512 size 80 coarsen threshold 460 Card regions per heap region 1 cards per card region 4096

Heap:
 garbage-first heap   total 0K, used 0K [0x0000000721000000, 0x0000000800000000)
  region size 2048K, 0 young (0K), 0 survivors (0K)

[error occurred during error reporting (printing heap information), id 0xc0000005, EXCEPTION_ACCESS_VIOLATION (0xc0000005) at pc=0x00007fff37c91df9]
GC Heap History (0 events):
No events

Dll operation events (1 events):
Event: 0.007 Loaded shared library C:\Program Files\Java\jdk-21\bin\java.dll

Deoptimization events (0 events):
No events

Classes loaded (0 events):
No events

Classes unloaded (0 events):
No events

Classes redefined (0 events):
No events

Internal exceptions (0 events):
No events

ZGC Phase Switch (0 events):
No events

VM Operations (0 events):
No events

Events (0 events):
No events


Dynamic libraries:
0x00007ff7c8cb0000 - 0x00007ff7c8cc0000 	C:\Program Files\Java\jdk-21\bin\java.exe
0x00007fff87410000 - 0x00007fff87608000 	C:\WINDOWS\SYSTEM32\ntdll.dll
0x00007fff86560000 - 0x00007fff86622000 	C:\WINDOWS\System32\KERNEL32.DLL
0x00007fff84c10000 - 0x00007fff84f0f000 	C:\WINDOWS\System32\KERNELBASE.dll
0x00007fff85040000 - 0x00007fff85140000 	C:\WINDOWS\System32\ucrtbase.dll
0x00007fff67ed0000 - 0x00007fff67eeb000 	C:\Program Files\Java\jdk-21\bin\VCRUNTIME140.dll
0x00007fff63570000 - 0x00007fff63589000 	C:\Program Files\Java\jdk-21\bin\jli.dll
0x00007fff86fd0000 - 0x00007fff8707f000 	C:\WINDOWS\System32\ADVAPI32.dll
0x00007fff863c0000 - 0x00007fff8645e000 	C:\WINDOWS\System32\msvcrt.dll
0x00007fff87220000 - 0x00007fff872bf000 	C:\WINDOWS\System32\sechost.dll
0x00007fff859e0000 - 0x00007fff85b03000 	C:\WINDOWS\System32\RPCRT4.dll
0x00007fff851e0000 - 0x00007fff85207000 	C:\WINDOWS\System32\bcrypt.dll
0x00007fff87080000 - 0x00007fff8721d000 	C:\WINDOWS\System32\USER32.dll
0x00007fff84fc0000 - 0x00007fff84fe2000 	C:\WINDOWS\System32\win32u.dll
0x00007fff73550000 - 0x00007fff737ea000 	C:\WINDOWS\WinSxS\amd64_microsoft.windows.common-controls_6595b64144ccf1df_6.0.19041.4355_none_60b8b9eb71f62e16\COMCTL32.dll
0x00007fff873a0000 - 0x00007fff873cb000 	C:\WINDOWS\System32\GDI32.dll
0x00007fff85310000 - 0x00007fff8542a000 	C:\WINDOWS\System32\gdi32full.dll
0x00007fff85140000 - 0x00007fff851dd000 	C:\WINDOWS\System32\msvcp_win.dll
0x00007fff7a100000 - 0x00007fff7a10a000 	C:\WINDOWS\SYSTEM32\VERSION.dll
0x00007fff86520000 - 0x00007fff8654f000 	C:\WINDOWS\System32\IMM32.DLL
0x00007fff7fd20000 - 0x00007fff7fd2c000 	C:\Program Files\Java\jdk-21\bin\vcruntime140_1.dll
0x00007fff5c660000 - 0x00007fff5c6ee000 	C:\Program Files\Java\jdk-21\bin\msvcp140.dll
0x00007fff37570000 - 0x00007fff38283000 	C:\Program Files\Java\jdk-21\bin\server\jvm.dll
0x00007fff86640000 - 0x00007fff866ab000 	C:\WINDOWS\System32\WS2_32.dll
0x00007fff84910000 - 0x00007fff8495b000 	C:\WINDOWS\SYSTEM32\POWRPROF.dll
0x00007fff781c0000 - 0x00007fff781e7000 	C:\WINDOWS\SYSTEM32\WINMM.dll
0x00007fff848f0000 - 0x00007fff84902000 	C:\WINDOWS\SYSTEM32\UMPDC.dll
0x00007fff832e0000 - 0x00007fff832f2000 	C:\WINDOWS\SYSTEM32\kernel.appcore.dll
0x00007fff7c4e0000 - 0x00007fff7c4ea000 	C:\Program Files\Java\jdk-21\bin\jimage.dll
0x00007fff82e10000 - 0x00007fff82ff4000 	C:\WINDOWS\SYSTEM32\DBGHELP.DLL
0x00007fff71720000 - 0x00007fff71754000 	C:\WINDOWS\SYSTEM32\dbgcore.DLL
0x00007fff85280000 - 0x00007fff85302000 	C:\WINDOWS\System32\bcryptPrimitives.dll
0x00007fff63510000 - 0x00007fff6352f000 	C:\Program Files\Java\jdk-21\bin\java.dll

dbghelp: loaded successfully - version: 4.0.5 - missing functions: none
symbol engine: initialized successfully - sym options: 0x614 - pdb path: .;C:\Program Files\Java\jdk-21\bin;C:\WINDOWS\SYSTEM32;C:\WINDOWS\WinSxS\amd64_microsoft.windows.common-controls_6595b64144ccf1df_6.0.19041.4355_none_60b8b9eb71f62e16;C:\Program Files\Java\jdk-21\bin\server

VM Arguments:
jvm_args: -Dnet.bytebuddy.agent.attacher.dump= 
java_command: net.bytebuddy.agent.Attacher com.sun.tools.attach.VirtualMachine 14252 C:\Users\User\.m2\repository\net\bytebuddy\byte-buddy-agent\1.15.11\byte-buddy-agent-1.15.11.jar false 
java_class_path (initial): C:\Users\User\.m2\repository\net\bytebuddy\byte-buddy-agent\1.15.11\byte-buddy-agent-1.15.11.jar
Launcher Type: SUN_STANDARD

[Global flags]
     intx CICompilerCount                          = 4                                         {product} {ergonomic}
     uint ConcGCThreads                            = 2                                         {product} {ergonomic}
     uint G1ConcRefinementThreads                  = 8                                         {product} {ergonomic}
   size_t G1HeapRegionSize                         = 2097152                                   {product} {ergonomic}
    uintx GCDrainStackTargetSize                   = 64                                        {product} {ergonomic}
   size_t InitialHeapSize                          = 234881024                                 {product} {ergonomic}
   size_t MarkStackSize                            = 4194304                                   {product} {ergonomic}
   size_t MaxHeapSize                              = 3741319168                                {product} {ergonomic}
   size_t MinHeapDeltaBytes                        = 2097152                                   {product} {ergonomic}
   size_t MinHeapSize                              = 8388608                                   {product} {ergonomic}
    uintx NonNMethodCodeHeapSize                   = 5839372                                {pd product} {ergonomic}
    uintx NonProfiledCodeHeapSize                  = 122909434                              {pd product} {ergonomic}
    uintx ProfiledCodeHeapSize                     = 122909434                              {pd product} {ergonomic}
    uintx ReservedCodeCacheSize                    = 251658240                              {pd product} {ergonomic}
     bool SegmentedCodeCache                       = true                                      {product} {ergonomic}
   size_t SoftMaxHeapSize                          = 3741319168                             {manageable} {ergonomic}
     bool UseCompressedOops                        = true                           {product lp64_product} {ergonomic}
     bool UseG1GC                                  = true                                      {product} {ergonomic}
     bool UseLargePagesIndividualAllocation        = false                                  {pd product} {ergonomic}

Logging:
Log output configuration:
 #0: stdout all=warning uptime,level,tags foldmultilines=false
 #1: stderr all=off uptime,level,tags foldmultilines=false

Environment Variables:
JAVA_HOME=C:\Program Files\Java\jdk-16.0.1
PATH=C:\app\User\product\21c\dbhomeXE\bin;C:\Program Files\Common Files\Oracle\Java\javapath;C:\Program Files (x86)\Common Files\Oracle\Java\javapath;C:\ProgramData\Oracle\Java\javapath;C:\WINDOWS\system32;C:\WINDOWS;C:\WINDOWS\System32\Wbem;C:\WINDOWS\System32\WindowsPowerShell\v1.0\;C:\WINDOWS\System32\OpenSSH\;C:\Program Files (x86)\Windows Live\Shared;%JAVA%/bin;C:\Program Files\nodejs\;C:\Program Files\Docker\Docker\resources\bin;C:\Program Files\Git\cmd;C:\Program Files\dotnet\;C:\Program Files (x86)\Microsoft SQL Server\160\Tools\Binn\;C:\Program Files\Microsoft SQL Server\160\Tools\Binn\;C:\Program Files\Microsoft SQL Server\Client SDK\ODBC\170\Tools\Binn\;C:\Program Files\Microsoft SQL Server\160\DTS\Binn\;C:\Program Files\Go\bin;C:\Program Files (x86)\Microsoft SQL Server\160\DTS\Binn\;C:\Program Files\Microsoft SQL Server\150\Tools\Binn\;C:\Users\User\.cargo\bin;C:\Users\User\AppData\Local\Programs\Python\Python312\Scripts\;C:\Users\User\AppData\Local\Programs\Python\Python312\;C:\Users\User\AppData\Local\Programs\Python\Launcher\;C:\Users\User\AppData\Local\Microsoft\WindowsApps;C:\Users\User\AppData\Local\Programs\Microsoft VS Code\bin;C:\Program Files\Java\jdk-16.0.1/bin;C:\Program Files (x86)\mingw-w64\i686-8.1.0-posix-dwarf-rt_v6-rev0\mingw32\bin;C:\Users\User\AppData\Local\GitHubDesktop\bin;C:\Program Files\JetBrains\IntelliJ IDEA 2023.2\bin;C:\Users\User\AppData\Roaming\npm;C:\Program Files\JetBrains\PyCharm 2023.3.3\bin;C:\Users\User\AppData\Local\gitkraken\bin;C:\Users\User\.dotnet\tools;C:\Flutter\flutter\bin;C:\Program Files\JetBrains\WebStorm 2024.1.5\bin;;C:\Users\User\.bun\bin;C:\Users\User\go\bin;C:\Users\User\AppData\Local\Microsoft\WinGet\Packages\Doppler.doppler_Microsoft.Winget.Source_8wekyb3d8bbwe;;C:\Program Files\JetBrains\IntelliJ IDEA 2024.3.5\bin;
USERNAME=User
OS=Windows_NT
PROCESSOR_IDENTIFIER=AMD64 Family 23 Model 24 Stepping 1, AuthenticAMD
TMP=C:\Users\User\AppData\Local\Temp
TEMP=C:\Users\User\AppData\Local\Temp




Periodic native trim disabled

---------------  S Y S T E M  ---------------

OS:
 Windows 10 , 64 bit Build 19041 (10.0.19041.5438)
OS uptime: 0 days 5:11 hours
Hyper-V role detected

CPU: total 8 (initial active 8) (8 cores per cpu, 2 threads per core) family 23 model 24 stepping 1 microcode 0x0, cx8, cmov, fxsr, ht, mmx, 3dnowpref, sse, sse2, sse3, ssse3, sse4a, sse4.1, sse4.2, popcnt, lzcnt, tsc, tscinvbit, avx, avx2, aes, clmul, bmi1, bmi2, adx, sha, fma, vzeroupper, clflush, clflushopt, hv, rdtscp, f16c
Processor Information for all 8 processors :
  Max Mhz: 3700, Current Mhz: 3700, Mhz Limit: 3700

Memory: 4k page, system-wide physical 14267M (1549M free)
TotalPageFile size 17947M (AvailPageFile size 221M)
current process WorkingSet (physical memory assigned to process): 10M, peak: 10M
current process commit charge ("private bytes"): 60M, peak: 284M

vm_info: Java HotSpot(TM) 64-Bit Server VM (21.0.4+8-LTS-274) for windows-amd64 JRE (21.0.4+8-LTS-274), built on 2024-06-05T05:23:33Z by "mach5one" with MS VC++ 17.6 (VS2022)

END.
